/home/bluetech/ros2_ws/src/bluetech_simulation/install/bluetech_simulation/lib/python3.10/site-packages/bluetech_simulation/send_effort.py
/home/bluetech/ros2_ws/src/bluetech_simulation/install/bluetech_simulation/lib/python3.10/site-packages/bluetech_simulation/send_two_vacuum_forces.py
/home/bluetech/ros2_ws/src/bluetech_simulation/install/bluetech_simulation/lib/python3.10/site-packages/bluetech_simulation/pico_from_teleop.py
/home/bluetech/ros2_ws/src/bluetech_simulation/install/bluetech_simulation/lib/python3.10/site-packages/bluetech_simulation/get_data_from_rami.py
/home/bluetech/ros2_ws/src/bluetech_simulation/install/bluetech_simulation/lib/python3.10/site-packages/bluetech_simulation/__init__.py
/home/bluetech/ros2_ws/src/bluetech_simulation/install/bluetech_simulation/lib/python3.10/site-packages/bluetech_simulation/publish_digital_indicator.py
/home/bluetech/ros2_ws/src/bluetech_simulation/install/bluetech_simulation/lib/python3.10/site-packages/bluetech_simulation/jetson_client.py
/home/bluetech/ros2_ws/src/bluetech_simulation/install/bluetech_simulation/lib/python3.10/site-packages/bluetech_simulation/move_robot.py
/home/bluetech/ros2_ws/src/bluetech_simulation/install/bluetech_simulation/lib/python3.10/site-packages/bluetech_simulation/publish_from_encoder.py
/home/bluetech/ros2_ws/src/bluetech_simulation/install/bluetech_simulation/lib/python3.10/site-packages/bluetech_simulation/publish_from_joint_state.py
/home/bluetech/ros2_ws/src/bluetech_simulation/install/bluetech_simulation/lib/python3.10/site-packages/bluetech_simulation/link_wrench_client.py
/home/bluetech/ros2_ws/src/bluetech_simulation/install/bluetech_simulation/lib/python3.10/site-packages/bluetech_simulation/send_int_to_pico.py
/home/bluetech/ros2_ws/src/bluetech_simulation/install/bluetech_simulation/lib/python3.10/site-packages/bluetech_simulation/bluetech_localization.py
/home/bluetech/ros2_ws/src/bluetech_simulation/install/bluetech_simulation/lib/python3.10/site-packages/bluetech_simulation/keyboard_teleop.py
/home/bluetech/ros2_ws/src/bluetech_simulation/install/bluetech_simulation/lib/python3.10/site-packages/bluetech_simulation/forward_effort.py
/home/bluetech/ros2_ws/src/bluetech_simulation/install/bluetech_simulation/lib/python3.10/site-packages/bluetech_simulation/joint_position_client.py
/home/bluetech/ros2_ws/src/bluetech_simulation/install/bluetech_simulation/lib/python3.10/site-packages/bluetech_simulation/apply_effort.py
/home/bluetech/ros2_ws/src/bluetech_simulation/install/bluetech_simulation/lib/python3.10/site-packages/bluetech_simulation/__pycache__/send_effort.cpython-310.pyc
/home/bluetech/ros2_ws/src/bluetech_simulation/install/bluetech_simulation/lib/python3.10/site-packages/bluetech_simulation/__pycache__/send_two_vacuum_forces.cpython-310.pyc
/home/bluetech/ros2_ws/src/bluetech_simulation/install/bluetech_simulation/lib/python3.10/site-packages/bluetech_simulation/__pycache__/pico_from_teleop.cpython-310.pyc
/home/bluetech/ros2_ws/src/bluetech_simulation/install/bluetech_simulation/lib/python3.10/site-packages/bluetech_simulation/__pycache__/get_data_from_rami.cpython-310.pyc
/home/bluetech/ros2_ws/src/bluetech_simulation/install/bluetech_simulation/lib/python3.10/site-packages/bluetech_simulation/__pycache__/__init__.cpython-310.pyc
/home/bluetech/ros2_ws/src/bluetech_simulation/install/bluetech_simulation/lib/python3.10/site-packages/bluetech_simulation/__pycache__/publish_digital_indicator.cpython-310.pyc
/home/bluetech/ros2_ws/src/bluetech_simulation/install/bluetech_simulation/lib/python3.10/site-packages/bluetech_simulation/__pycache__/jetson_client.cpython-310.pyc
/home/bluetech/ros2_ws/src/bluetech_simulation/install/bluetech_simulation/lib/python3.10/site-packages/bluetech_simulation/__pycache__/move_robot.cpython-310.pyc
/home/bluetech/ros2_ws/src/bluetech_simulation/install/bluetech_simulation/lib/python3.10/site-packages/bluetech_simulation/__pycache__/publish_from_encoder.cpython-310.pyc
/home/bluetech/ros2_ws/src/bluetech_simulation/install/bluetech_simulation/lib/python3.10/site-packages/bluetech_simulation/__pycache__/publish_from_joint_state.cpython-310.pyc
/home/bluetech/ros2_ws/src/bluetech_simulation/install/bluetech_simulation/lib/python3.10/site-packages/bluetech_simulation/__pycache__/link_wrench_client.cpython-310.pyc
/home/bluetech/ros2_ws/src/bluetech_simulation/install/bluetech_simulation/lib/python3.10/site-packages/bluetech_simulation/__pycache__/send_int_to_pico.cpython-310.pyc
/home/bluetech/ros2_ws/src/bluetech_simulation/install/bluetech_simulation/lib/python3.10/site-packages/bluetech_simulation/__pycache__/bluetech_localization.cpython-310.pyc
/home/bluetech/ros2_ws/src/bluetech_simulation/install/bluetech_simulation/lib/python3.10/site-packages/bluetech_simulation/__pycache__/keyboard_teleop.cpython-310.pyc
/home/bluetech/ros2_ws/src/bluetech_simulation/install/bluetech_simulation/lib/python3.10/site-packages/bluetech_simulation/__pycache__/forward_effort.cpython-310.pyc
/home/bluetech/ros2_ws/src/bluetech_simulation/install/bluetech_simulation/lib/python3.10/site-packages/bluetech_simulation/__pycache__/joint_position_client.cpython-310.pyc
/home/bluetech/ros2_ws/src/bluetech_simulation/install/bluetech_simulation/lib/python3.10/site-packages/bluetech_simulation/__pycache__/apply_effort.cpython-310.pyc
/home/bluetech/ros2_ws/src/bluetech_simulation/install/bluetech_simulation/share/ament_index/resource_index/packages/bluetech_simulation
/home/bluetech/ros2_ws/src/bluetech_simulation/install/bluetech_simulation/share/bluetech_simulation/package.xml
/home/bluetech/ros2_ws/src/bluetech_simulation/install/bluetech_simulation/share/bluetech_simulation/launch/move_robot_in_gazebo.launch.py
/home/bluetech/ros2_ws/src/bluetech_simulation/install/bluetech_simulation/share/bluetech_simulation/launch/imu.launch.py
/home/bluetech/ros2_ws/src/bluetech_simulation/install/bluetech_simulation/share/bluetech_simulation/launch/bluetech_sim.launch.py
/home/bluetech/ros2_ws/src/bluetech_simulation/install/bluetech_simulation/share/bluetech_simulation/launch/open_robot_in_gazebo.launch.py
/home/bluetech/ros2_ws/src/bluetech_simulation/install/bluetech_simulation/share/bluetech_simulation/config/my_controllers.yaml
/home/bluetech/ros2_ws/src/bluetech_simulation/install/bluetech_simulation/share/bluetech_simulation/description/test.urdf.xacro
/home/bluetech/ros2_ws/src/bluetech_simulation/install/bluetech_simulation/share/bluetech_simulation/description/gazebo_control.xacro
/home/bluetech/ros2_ws/src/bluetech_simulation/install/bluetech_simulation/share/bluetech_simulation/description/robot.urdf.xacro
/home/bluetech/ros2_ws/src/bluetech_simulation/install/bluetech_simulation/share/bluetech_simulation/description/basic_macros.xacro
/home/bluetech/ros2_ws/src/bluetech_simulation/install/bluetech_simulation/share/bluetech_simulation/description/ros2_control.xacro
/home/bluetech/ros2_ws/src/bluetech_simulation/install/bluetech_simulation/share/bluetech_simulation/description/lidar.xacro
/home/bluetech/ros2_ws/src/bluetech_simulation/install/bluetech_simulation/share/bluetech_simulation/worlds/two.xml
/home/bluetech/ros2_ws/src/bluetech_simulation/install/bluetech_simulation/share/bluetech_simulation/worlds/bluetech_imu.xml
/home/bluetech/ros2_ws/src/bluetech_simulation/install/bluetech_simulation/share/bluetech_simulation/worlds/blue.xml
/home/bluetech/ros2_ws/src/bluetech_simulation/install/bluetech_simulation/share/bluetech_simulation/worlds/bluetech.xml
/home/bluetech/ros2_ws/src/bluetech_simulation/install/bluetech_simulation/share/bluetech_simulation/worlds/temp.xml
/home/bluetech/ros2_ws/src/bluetech_simulation/install/bluetech_simulation/share/bluetech_simulation/worlds/bluetech_vacuum.xml
/home/bluetech/ros2_ws/src/bluetech_simulation/install/bluetech_simulation/lib/python3.10/site-packages/bluetech_simulation-0.0.0-py3.10.egg-info/entry_points.txt
/home/bluetech/ros2_ws/src/bluetech_simulation/install/bluetech_simulation/lib/python3.10/site-packages/bluetech_simulation-0.0.0-py3.10.egg-info/requires.txt
/home/bluetech/ros2_ws/src/bluetech_simulation/install/bluetech_simulation/lib/python3.10/site-packages/bluetech_simulation-0.0.0-py3.10.egg-info/dependency_links.txt
/home/bluetech/ros2_ws/src/bluetech_simulation/install/bluetech_simulation/lib/python3.10/site-packages/bluetech_simulation-0.0.0-py3.10.egg-info/zip-safe
/home/bluetech/ros2_ws/src/bluetech_simulation/install/bluetech_simulation/lib/python3.10/site-packages/bluetech_simulation-0.0.0-py3.10.egg-info/top_level.txt
/home/bluetech/ros2_ws/src/bluetech_simulation/install/bluetech_simulation/lib/python3.10/site-packages/bluetech_simulation-0.0.0-py3.10.egg-info/PKG-INFO
/home/bluetech/ros2_ws/src/bluetech_simulation/install/bluetech_simulation/lib/python3.10/site-packages/bluetech_simulation-0.0.0-py3.10.egg-info/SOURCES.txt
/home/bluetech/ros2_ws/src/bluetech_simulation/install/bluetech_simulation/lib/bluetech_simulation/apply_effort
/home/bluetech/ros2_ws/src/bluetech_simulation/install/bluetech_simulation/lib/bluetech_simulation/bluetech_localization
/home/bluetech/ros2_ws/src/bluetech_simulation/install/bluetech_simulation/lib/bluetech_simulation/bluetech_localization_over_wifi
/home/bluetech/ros2_ws/src/bluetech_simulation/install/bluetech_simulation/lib/bluetech_simulation/forward_effort
/home/bluetech/ros2_ws/src/bluetech_simulation/install/bluetech_simulation/lib/bluetech_simulation/get_data_from_rami
/home/bluetech/ros2_ws/src/bluetech_simulation/install/bluetech_simulation/lib/bluetech_simulation/jetson_client = bluetech_simulation.jetson_client:mainjoint_position_client
/home/bluetech/ros2_ws/src/bluetech_simulation/install/bluetech_simulation/lib/bluetech_simulation/keyboard_teleop
/home/bluetech/ros2_ws/src/bluetech_simulation/install/bluetech_simulation/lib/bluetech_simulation/link_wrench_client
/home/bluetech/ros2_ws/src/bluetech_simulation/install/bluetech_simulation/lib/bluetech_simulation/move_robot
/home/bluetech/ros2_ws/src/bluetech_simulation/install/bluetech_simulation/lib/bluetech_simulation/pico_control
/home/bluetech/ros2_ws/src/bluetech_simulation/install/bluetech_simulation/lib/bluetech_simulation/pico_from_teleop
/home/bluetech/ros2_ws/src/bluetech_simulation/install/bluetech_simulation/lib/bluetech_simulation/position_estimate
/home/bluetech/ros2_ws/src/bluetech_simulation/install/bluetech_simulation/lib/bluetech_simulation/publish_from_encoder
/home/bluetech/ros2_ws/src/bluetech_simulation/install/bluetech_simulation/lib/bluetech_simulation/publish_from_joint_state
/home/bluetech/ros2_ws/src/bluetech_simulation/install/bluetech_simulation/lib/bluetech_simulation/robot_localization
/home/bluetech/ros2_ws/src/bluetech_simulation/install/bluetech_simulation/lib/bluetech_simulation/send_effort
/home/bluetech/ros2_ws/src/bluetech_simulation/install/bluetech_simulation/lib/bluetech_simulation/send_int_to_pico
/home/bluetech/ros2_ws/src/bluetech_simulation/install/bluetech_simulation/lib/bluetech_simulation/send_two_vacuum_forces
